Using pre-set license
Built from '2022.3/staging' branch; Version is '2022.3.10f1 (ff3792e53c62) revision 16725906'; Using compiler version '192829333'; Build Type 'Release'
OS: 'Windows 10  (10.0.19045) 64bit Professional' Language: 'fr' Physical Memory: 16333 MB
BatchMode: 1, IsHumanControllingUs: 0, StartBugReporterOnCrash: 0, Is64bit: 1, IsPro: 1

COMMAND LINE ARGUMENTS:
D:\Applis\2022.3.10f1\Editor\Unity.exe
-adb2
-batchMode
-noUpm
-name
AssetImportWorker0
-projectPath
C:/Users/PIERRE/Desktop/Cours GP/Grenade Clicker
-logFile
Logs/AssetImportWorker0.log
-srvPort
65153
Successfully changed project path to: C:/Users/PIERRE/Desktop/Cours GP/Grenade Clicker
C:/Users/PIERRE/Desktop/Cours GP/Grenade Clicker
[UnityMemory] Configuration Parameters - Can be set up in boot.config
    "memorysetup-bucket-allocator-granularity=16"
    "memorysetup-bucket-allocator-bucket-count=8"
    "memorysetup-bucket-allocator-block-size=33554432"
    "memorysetup-bucket-allocator-block-count=8"
    "memorysetup-main-allocator-block-size=16777216"
    "memorysetup-thread-allocator-block-size=16777216"
    "memorysetup-gfx-main-allocator-block-size=16777216"
    "memorysetup-gfx-thread-allocator-block-size=16777216"
    "memorysetup-cache-allocator-block-size=4194304"
    "memorysetup-typetree-allocator-block-size=2097152"
    "memorysetup-profiler-bucket-allocator-granularity=16"
    "memorysetup-profiler-bucket-allocator-bucket-count=8"
    "memorysetup-profiler-bucket-allocator-block-size=33554432"
    "memorysetup-profiler-bucket-allocator-block-count=8"
    "memorysetup-profiler-allocator-block-size=16777216"
    "memorysetup-profiler-editor-allocator-block-size=1048576"
    "memorysetup-temp-allocator-size-main=16777216"
    "memorysetup-job-temp-allocator-block-size=2097152"
    "memorysetup-job-temp-allocator-block-size-background=1048576"
    "memorysetup-job-temp-allocator-reduction-small-platforms=262144"
    "memorysetup-allocator-temp-initial-block-size-main=262144"
    "memorysetup-allocator-temp-initial-block-size-worker=262144"
    "memorysetup-temp-allocator-size-background-worker=32768"
    "memorysetup-temp-allocator-size-job-worker=262144"
    "memorysetup-temp-allocator-size-preload-manager=33554432"
    "memorysetup-temp-allocator-size-nav-mesh-worker=65536"
    "memorysetup-temp-allocator-size-audio-worker=65536"
    "memorysetup-temp-allocator-size-cloud-worker=32768"
    "memorysetup-temp-allocator-size-gi-baking-worker=262144"
    "memorysetup-temp-allocator-size-gfx=262144"
Player connection [8864] Host "[IP] 10.2.165.80 [Port] 0 [Flags] 2 [Guid] 2383286055 [EditorId] 2383286055 [Version] 1048832 [Id] WindowsEditor(7,DESKTOP-E9BE0UV) [Debug] 1 [PackageName] WindowsEditor [ProjectName] Editor" joined multi-casting on [225.0.0.222:54997]...

Player connection [8864] Host "[IP] 10.2.165.80 [Port] 0 [Flags] 2 [Guid] 2383286055 [EditorId] 2383286055 [Version] 1048832 [Id] WindowsEditor(7,DESKTOP-E9BE0UV) [Debug] 1 [PackageName] WindowsEditor [ProjectName] Editor" joined alternative multi-casting on [225.0.0.222:34997]...

[Physics::Module] Initialized MultithreadedJobDispatcher with 7 workers.
Refreshing native plugins compatible for Editor in 124.26 ms, found 4 plugins.
Preloading 0 native plugins for Editor in 0.00 ms.
Initialize engine version: 2022.3.10f1 (ff3792e53c62)
[Subsystems] Discovering subsystems at path D:/Applis/2022.3.10f1/Editor/Data/Resources/UnitySubsystems
[Subsystems] Discovering subsystems at path C:/Users/PIERRE/Desktop/Cours GP/Grenade Clicker/Assets
GfxDevice: creating device client; threaded=0; jobified=0
Direct3D:
    Version:  Direct3D 11.0 [level 11.1]
    Renderer: NVIDIA GeForce GTX 970M (ID=0x1618)
    Vendor:   NVIDIA
    VRAM:     3024 MB
    Driver:   31.0.15.3203
Initialize mono
Mono path[0] = 'D:/Applis/2022.3.10f1/Editor/Data/Managed'
Mono path[1] = 'D:/Applis/2022.3.10f1/Editor/Data/MonoBleedingEdge/lib/mono/unityjit-win32'
Mono config path = 'D:/Applis/2022.3.10f1/Editor/Data/MonoBleedingEdge/etc'
Using monoOptions --debugger-agent=transport=dt_socket,embedding=1,server=y,suspend=n,address=127.0.0.1:56444
Begin MonoManager ReloadAssembly
Registering precompiled unity dll's ...
Register platform support module: D:/Applis/2022.3.10f1/Editor/Data/PlaybackEngines/AndroidPlayer/UnityEditor.Android.Extensions.dll
Register platform support module: D:/Applis/2022.3.10f1/Editor/Data/PlaybackEngines/WindowsStandaloneSupport/UnityEditor.WindowsStandalone.Extensions.dll
Registered in 0.024393 seconds.
- Loaded All Assemblies, in  1.680 seconds
Native extension for WindowsStandalone target not found
Native extension for Android target not found
Android Extension - Scanning For ADB Devices 1565 ms
Mono: successfully reloaded assembly
- Finished resetting the current domain, in  2.682 seconds
Domain Reload Profiling: 4362ms
	BeginReloadAssembly (516ms)
		ExecutionOrderSort (0ms)
		DisableScriptedObjects (0ms)
		BackupInstance (0ms)
		ReleaseScriptingObjects (0ms)
		CreateAndSetChildDomain (2ms)
	RebuildCommonClasses (103ms)
	RebuildNativeTypeToScriptingClass (36ms)
	initialDomainReloadingComplete (187ms)
	LoadAllAssembliesAndSetupDomain (836ms)
		LoadAssemblies (519ms)
		RebuildTransferFunctionScriptingTraits (0ms)
		AnalyzeDomain (826ms)
			TypeCache.Refresh (823ms)
				TypeCache.ScanAssembly (775ms)
			ScanForSourceGeneratedMonoScriptInfo (1ms)
			ResolveRequiredComponents (1ms)
	FinalizeReload (2684ms)
		ReleaseScriptCaches (0ms)
		RebuildScriptCaches (0ms)
		SetupLoadedEditorAssemblies (2475ms)
			LogAssemblyErrors (0ms)
			InitializePlatformSupportModulesInManaged (1897ms)
			SetLoadedEditorAssemblies (10ms)
			RefreshPlugins (0ms)
			BeforeProcessingInitializeOnLoad (4ms)
			ProcessInitializeOnLoadAttributes (272ms)
			ProcessInitializeOnLoadMethodAttributes (291ms)
			AfterProcessingInitializeOnLoad (0ms)
			EditorAssembliesLoaded (0ms)
		ExecutionOrderSort2 (0ms)
		AwakeInstancesAfterBackupRestoration (0ms)
========================================================================
Worker process is ready to serve import requests
Begin MonoManager ReloadAssembly
- Loaded All Assemblies, in  1.931 seconds
Refreshing native plugins compatible for Editor in 38.35 ms, found 4 plugins.
Native extension for WindowsStandalone target not found
Native extension for Android target not found
Package Manager log level set to [2]
[Package Manager] Server::EnsureServerProcessIsRunning -- launch failed, reason: Unity was launched with the -noUpm command-line argument
[Package Manager] UpmClient::Send -- Unable to send message (not connected to UPM process).
[Package Manager] Cannot connect to Unity Package Manager local server
Mono: successfully reloaded assembly
[Package Manager] Server::EnsureServerProcessIsRunning -- launch failed, reason: Unity was launched with the -noUpm command-line argument
[Package Manager] UpmClient::Send -- Unable to send message (not connected to UPM process).
[Package Manager] Cannot connect to Unity Package Manager local server
[Package Manager] Server::EnsureServerProcessIsRunning -- launch failed, reason: Unity was launched with the -noUpm command-line argument
[Package Manager] UpmClient::Send -- Unable to send message (not connected to UPM process).
[Package Manager] Cannot connect to Unity Package Manager local server
- Finished resetting the current domain, in  1.404 seconds
Domain Reload Profiling: 3317ms
	BeginReloadAssembly (376ms)
		ExecutionOrderSort (0ms)
		DisableScriptedObjects (9ms)
		BackupInstance (0ms)
		ReleaseScriptingObjects (0ms)
		CreateAndSetChildDomain (45ms)
	RebuildCommonClasses (73ms)
	RebuildNativeTypeToScriptingClass (23ms)
	initialDomainReloadingComplete (132ms)
	LoadAllAssembliesAndSetupDomain (1310ms)
		LoadAssemblies (1038ms)
		RebuildTransferFunctionScriptingTraits (0ms)
		AnalyzeDomain (528ms)
			TypeCache.Refresh (464ms)
				TypeCache.ScanAssembly (418ms)
			ScanForSourceGeneratedMonoScriptInfo (52ms)
			ResolveRequiredComponents (8ms)
	FinalizeReload (1405ms)
		ReleaseScriptCaches (0ms)
		RebuildScriptCaches (0ms)
		SetupLoadedEditorAssemblies (1053ms)
			LogAssemblyErrors (0ms)
			InitializePlatformSupportModulesInManaged (46ms)
			SetLoadedEditorAssemblies (8ms)
			RefreshPlugins (0ms)
			BeforeProcessingInitializeOnLoad (235ms)
			ProcessInitializeOnLoadAttributes (684ms)
			ProcessInitializeOnLoadMethodAttributes (70ms)
			AfterProcessingInitializeOnLoad (10ms)
			EditorAssembliesLoaded (0ms)
		ExecutionOrderSort2 (0ms)
		AwakeInstancesAfterBackupRestoration (18ms)
Launched and connected shader compiler UnityShaderCompiler.exe after 0.16 seconds
Refreshing native plugins compatible for Editor in 51.19 ms, found 4 plugins.
Preloading 0 native plugins for Editor in 0.00 ms.
Unloading 4257 Unused Serialized files (Serialized files now loaded: 0)
Unloading 78 unused Assets / (68.2 KB). Loaded Objects now: 4707.
Memory consumption went from 147.0 MB to 147.0 MB.
Total: 7.724000 ms (FindLiveObjects: 0.615300 ms CreateObjectMapping: 0.438400 ms MarkObjects: 6.380800 ms  DeleteObjects: 0.288300 ms)

AssetImportParameters requested are different than current active one (requested -> active):
  custom:container-demuxer-ogg: 62fdf1f143b41e24485cea50d1cbac27 -> 
  custom:video-decoder-ogg-theora: a1e56fd34408186e4bbccfd4996cb3dc -> 
  custom:framework-win-MediaFoundation: 216162199b28c13a410421893ffa2e32 -> 
  custom:container-demuxer-webm: 4f35f7cbe854078d1ac9338744f61a02 -> 
  custom:container-muxer-webm: aa71ff27fc2769a1b78a27578f13a17b -> 
  custom:video-decoder-webm-vp8: 9c59270c3fd7afecdb556c50c9e8de78 -> 
  custom:AudioImporter_EditorPlatform: d09bf68614088b80899f8185d706f6e7 -> 
  custom:video-encoder-webm-vp8: eb34c28f22e8b96e1ab97ce403110664 -> 
  custom:audio-decoder-ogg-vorbis: bf7c407c2cedff20999df2af8eb42d56 -> 
  custom:audio-encoder-webm-vorbis: bf7c407c2cedff20999df2af8eb42d56 -> 
========================================================================
Received Prepare
Couldn't register non-exiting asset root folder: 'Assets'
0x00007ff63873282d (Unity) StackWalker::GetCurrentCallstack
0x00007ff6387377d9 (Unity) StackWalker::ShowCallstack
0x00007ff639707831 (Unity) GetStacktrace
0x00007ff639dc5d52 (Unity) DebugStringToFile
0x00007ff639a85b9b (Unity) AssetFolderHelper::RegisterAssetFolder
0x00007ff6399f9c09 (Unity) AssetDatabase::RegisterAssetFolder
0x00007ff639a8c9d9 (Unity) SyncAssetFoldersWithDB
0x00007ff639ab1f12 (Unity) <lambda_b37b41f03089e3cb3f55061bbc93253d>::operator()
0x00007ff639aebf32 (Unity) asio::detail::completion_handler<core::mutable_function<void __cdecl(void)>,asio::io_context::basic_executor_type<std::allocator<void>,0> >::do_complete
0x00007ff639ad7ede (Unity) asio::detail::win_iocp_io_context::do_one
0x00007ff639ad9b44 (Unity) asio::detail::win_iocp_io_context::run
0x00007ff639aea2dc (Unity) IOService::Run
0x00007ff639abe65f (Unity) AssetImportWorkerClient::Run
0x00007ff639a89227 (Unity) RunAssetImportWorkerClientV2
0x00007ff639a892ab (Unity) RunAssetImporterV2
0x00007ff63928a750 (Unity) Application::InitializeProject
0x00007ff639713635 (Unity) WinMain
0x00007ff63aaf7dbe (Unity) __scrt_common_main_seh
0x00007ff9697a7604 (KERNEL32) BaseThreadInitThunk
0x00007ff96a7a26a1 (ntdll) RtlUserThreadStart

Assertion failed on expression: 'success'
0x00007ff63873282d (Unity) StackWalker::GetCurrentCallstack
0x00007ff6387377d9 (Unity) StackWalker::ShowCallstack
0x00007ff639707831 (Unity) GetStacktrace
0x00007ff639dc5d52 (Unity) DebugStringToFile
0x00007ff639dc5a8a (Unity) AssertImplementation
0x00007ff6399f9c33 (Unity) AssetDatabase::RegisterAssetFolder
0x00007ff639a8c9d9 (Unity) SyncAssetFoldersWithDB
0x00007ff639ab1f12 (Unity) <lambda_b37b41f03089e3cb3f55061bbc93253d>::operator()
0x00007ff639aebf32 (Unity) asio::detail::completion_handler<core::mutable_function<void __cdecl(void)>,asio::io_context::basic_executor_type<std::allocator<void>,0> >::do_complete
0x00007ff639ad7ede (Unity) asio::detail::win_iocp_io_context::do_one
0x00007ff639ad9b44 (Unity) asio::detail::win_iocp_io_context::run
0x00007ff639aea2dc (Unity) IOService::Run
0x00007ff639abe65f (Unity) AssetImportWorkerClient::Run
0x00007ff639a89227 (Unity) RunAssetImportWorkerClientV2
0x00007ff639a892ab (Unity) RunAssetImporterV2
0x00007ff63928a750 (Unity) Application::InitializeProject
0x00007ff639713635 (Unity) WinMain
0x00007ff63aaf7dbe (Unity) __scrt_common_main_seh
0x00007ff9697a7604 (KERNEL32) BaseThreadInitThunk
0x00007ff96a7a26a1 (ntdll) RtlUserThreadStart

Trying to reload asset but can't find object on disk
0x00007ff63873282d (Unity) StackWalker::GetCurrentCallstack
0x00007ff6387377d9 (Unity) StackWalker::ShowCallstack
0x00007ff639707831 (Unity) GetStacktrace
0x00007ff639dc5d52 (Unity) DebugStringToFile
0x00007ff6386e8651 (Unity) PersistentManager::ReloadFromDisk
0x00007ff639abdc37 (Unity) ReloadSerializedSingletons
0x00007ff639ab1f6a (Unity) <lambda_b37b41f03089e3cb3f55061bbc93253d>::operator()
0x00007ff639aebf32 (Unity) asio::detail::completion_handler<core::mutable_function<void __cdecl(void)>,asio::io_context::basic_executor_type<std::allocator<void>,0> >::do_complete
0x00007ff639ad7ede (Unity) asio::detail::win_iocp_io_context::do_one
0x00007ff639ad9b44 (Unity) asio::detail::win_iocp_io_context::run
0x00007ff639aea2dc (Unity) IOService::Run
0x00007ff639abe65f (Unity) AssetImportWorkerClient::Run
0x00007ff639a89227 (Unity) RunAssetImportWorkerClientV2
0x00007ff639a892ab (Unity) RunAssetImporterV2
0x00007ff63928a750 (Unity) Application::InitializeProject
0x00007ff639713635 (Unity) WinMain
0x00007ff63aaf7dbe (Unity) __scrt_common_main_seh
0x00007ff9697a7604 (KERNEL32) BaseThreadInitThunk
0x00007ff96a7a26a1 (ntdll) RtlUserThreadStart

Trying to reload asset but can't find object on disk
0x00007ff63873282d (Unity) StackWalker::GetCurrentCallstack
0x00007ff6387377d9 (Unity) StackWalker::ShowCallstack
0x00007ff639707831 (Unity) GetStacktrace
0x00007ff639dc5d52 (Unity) DebugStringToFile
0x00007ff6386e8651 (Unity) PersistentManager::ReloadFromDisk
0x00007ff639abdc37 (Unity) ReloadSerializedSingletons
0x00007ff639ab1f6a (Unity) <lambda_b37b41f03089e3cb3f55061bbc93253d>::operator()
0x00007ff639aebf32 (Unity) asio::detail::completion_handler<core::mutable_function<void __cdecl(void)>,asio::io_context::basic_executor_type<std::allocator<void>,0> >::do_complete
0x00007ff639ad7ede (Unity) asio::detail::win_iocp_io_context::do_one
0x00007ff639ad9b44 (Unity) asio::detail::win_iocp_io_context::run
0x00007ff639aea2dc (Unity) IOService::Run
0x00007ff639abe65f (Unity) AssetImportWorkerClient::Run
0x00007ff639a89227 (Unity) RunAssetImportWorkerClientV2
0x00007ff639a892ab (Unity) RunAssetImporterV2
0x00007ff63928a750 (Unity) Application::InitializeProject
0x00007ff639713635 (Unity) WinMain
0x00007ff63aaf7dbe (Unity) __scrt_common_main_seh
0x00007ff9697a7604 (KERNEL32) BaseThreadInitThunk
0x00007ff96a7a26a1 (ntdll) RtlUserThreadStart

Trying to reload asset but can't find object on disk
0x00007ff63873282d (Unity) StackWalker::GetCurrentCallstack
0x00007ff6387377d9 (Unity) StackWalker::ShowCallstack
0x00007ff639707831 (Unity) GetStacktrace
0x00007ff639dc5d52 (Unity) DebugStringToFile
0x00007ff6386e8651 (Unity) PersistentManager::ReloadFromDisk
0x00007ff639abdc37 (Unity) ReloadSerializedSingletons
0x00007ff639ab1f6a (Unity) <lambda_b37b41f03089e3cb3f55061bbc93253d>::operator()
0x00007ff639aebf32 (Unity) asio::detail::completion_handler<core::mutable_function<void __cdecl(void)>,asio::io_context::basic_executor_type<std::allocator<void>,0> >::do_complete
0x00007ff639ad7ede (Unity) asio::detail::win_iocp_io_context::do_one
0x00007ff639ad9b44 (Unity) asio::detail::win_iocp_io_context::run
0x00007ff639aea2dc (Unity) IOService::Run
0x00007ff639abe65f (Unity) AssetImportWorkerClient::Run
0x00007ff639a89227 (Unity) RunAssetImportWorkerClientV2
0x00007ff639a892ab (Unity) RunAssetImporterV2
0x00007ff63928a750 (Unity) Application::InitializeProject
0x00007ff639713635 (Unity) WinMain
0x00007ff63aaf7dbe (Unity) __scrt_common_main_seh
0x00007ff9697a7604 (KERNEL32) BaseThreadInitThunk
0x00007ff96a7a26a1 (ntdll) RtlUserThreadStart

Trying to reload asset but can't find object on disk
0x00007ff63873282d (Unity) StackWalker::GetCurrentCallstack
0x00007ff6387377d9 (Unity) StackWalker::ShowCallstack
0x00007ff639707831 (Unity) GetStacktrace
0x00007ff639dc5d52 (Unity) DebugStringToFile
0x00007ff6386e8651 (Unity) PersistentManager::ReloadFromDisk
0x00007ff639abdc37 (Unity) ReloadSerializedSingletons
0x00007ff639ab1f6a (Unity) <lambda_b37b41f03089e3cb3f55061bbc93253d>::operator()
0x00007ff639aebf32 (Unity) asio::detail::completion_handler<core::mutable_function<void __cdecl(void)>,asio::io_context::basic_executor_type<std::allocator<void>,0> >::do_complete
0x00007ff639ad7ede (Unity) asio::detail::win_iocp_io_context::do_one
0x00007ff639ad9b44 (Unity) asio::detail::win_iocp_io_context::run
0x00007ff639aea2dc (Unity) IOService::Run
0x00007ff639abe65f (Unity) AssetImportWorkerClient::Run
0x00007ff639a89227 (Unity) RunAssetImportWorkerClientV2
0x00007ff639a892ab (Unity) RunAssetImporterV2
0x00007ff63928a750 (Unity) Application::InitializeProject
0x00007ff639713635 (Unity) WinMain
0x00007ff63aaf7dbe (Unity) __scrt_common_main_seh
0x00007ff9697a7604 (KERNEL32) BaseThreadInitThunk
0x00007ff96a7a26a1 (ntdll) RtlUserThreadStart

Trying to reload asset but can't find object on disk
0x00007ff63873282d (Unity) StackWalker::GetCurrentCallstack
0x00007ff6387377d9 (Unity) StackWalker::ShowCallstack
0x00007ff639707831 (Unity) GetStacktrace
0x00007ff639dc5d52 (Unity) DebugStringToFile
0x00007ff6386e8651 (Unity) PersistentManager::ReloadFromDisk
0x00007ff639abdc37 (Unity) ReloadSerializedSingletons
0x00007ff639ab1f6a (Unity) <lambda_b37b41f03089e3cb3f55061bbc93253d>::operator()
0x00007ff639aebf32 (Unity) asio::detail::completion_handler<core::mutable_function<void __cdecl(void)>,asio::io_context::basic_executor_type<std::allocator<void>,0> >::do_complete
0x00007ff639ad7ede (Unity) asio::detail::win_iocp_io_context::do_one
0x00007ff639ad9b44 (Unity) asio::detail::win_iocp_io_context::run
0x00007ff639aea2dc (Unity) IOService::Run
0x00007ff639abe65f (Unity) AssetImportWorkerClient::Run
0x00007ff639a89227 (Unity) RunAssetImportWorkerClientV2
0x00007ff639a892ab (Unity) RunAssetImporterV2
0x00007ff63928a750 (Unity) Application::InitializeProject
0x00007ff639713635 (Unity) WinMain
0x00007ff63aaf7dbe (Unity) __scrt_common_main_seh
0x00007ff9697a7604 (KERNEL32) BaseThreadInitThunk
0x00007ff96a7a26a1 (ntdll) RtlUserThreadStart

Trying to reload asset but can't find object on disk
0x00007ff63873282d (Unity) StackWalker::GetCurrentCallstack
0x00007ff6387377d9 (Unity) StackWalker::ShowCallstack
0x00007ff639707831 (Unity) GetStacktrace
0x00007ff639dc5d52 (Unity) DebugStringToFile
0x00007ff6386e8651 (Unity) PersistentManager::ReloadFromDisk
0x00007ff639abdc37 (Unity) ReloadSerializedSingletons
0x00007ff639ab1f6a (Unity) <lambda_b37b41f03089e3cb3f55061bbc93253d>::operator()
0x00007ff639aebf32 (Unity) asio::detail::completion_handler<core::mutable_function<void __cdecl(void)>,asio::io_context::basic_executor_type<std::allocator<void>,0> >::do_complete
0x00007ff639ad7ede (Unity) asio::detail::win_iocp_io_context::do_one
0x00007ff639ad9b44 (Unity) asio::detail::win_iocp_io_context::run
0x00007ff639aea2dc (Unity) IOService::Run
0x00007ff639abe65f (Unity) AssetImportWorkerClient::Run
0x00007ff639a89227 (Unity) RunAssetImportWorkerClientV2
0x00007ff639a892ab (Unity) RunAssetImporterV2
0x00007ff63928a750 (Unity) Application::InitializeProject
0x00007ff639713635 (Unity) WinMain
0x00007ff63aaf7dbe (Unity) __scrt_common_main_seh
0x00007ff9697a7604 (KERNEL32) BaseThreadInitThunk
0x00007ff96a7a26a1 (ntdll) RtlUserThreadStart

Trying to reload asset but can't find object on disk
0x00007ff63873282d (Unity) StackWalker::GetCurrentCallstack
0x00007ff6387377d9 (Unity) StackWalker::ShowCallstack
0x00007ff639707831 (Unity) GetStacktrace
0x00007ff639dc5d52 (Unity) DebugStringToFile
0x00007ff6386e8651 (Unity) PersistentManager::ReloadFromDisk
0x00007ff639abdc37 (Unity) ReloadSerializedSingletons
0x00007ff639ab1f6a (Unity) <lambda_b37b41f03089e3cb3f55061bbc93253d>::operator()
0x00007ff639aebf32 (Unity) asio::detail::completion_handler<core::mutable_function<void __cdecl(void)>,asio::io_context::basic_executor_type<std::allocator<void>,0> >::do_complete
0x00007ff639ad7ede (Unity) asio::detail::win_iocp_io_context::do_one
0x00007ff639ad9b44 (Unity) asio::detail::win_iocp_io_context::run
0x00007ff639aea2dc (Unity) IOService::Run
0x00007ff639abe65f (Unity) AssetImportWorkerClient::Run
0x00007ff639a89227 (Unity) RunAssetImportWorkerClientV2
0x00007ff639a892ab (Unity) RunAssetImporterV2
0x00007ff63928a750 (Unity) Application::InitializeProject
0x00007ff639713635 (Unity) WinMain
0x00007ff63aaf7dbe (Unity) __scrt_common_main_seh
0x00007ff9697a7604 (KERNEL32) BaseThreadInitThunk
0x00007ff96a7a26a1 (ntdll) RtlUserThreadStart

Trying to reload asset but can't find object on disk
0x00007ff63873282d (Unity) StackWalker::GetCurrentCallstack
0x00007ff6387377d9 (Unity) StackWalker::ShowCallstack
0x00007ff639707831 (Unity) GetStacktrace
0x00007ff639dc5d52 (Unity) DebugStringToFile
0x00007ff6386e8651 (Unity) PersistentManager::ReloadFromDisk
0x00007ff639abdc37 (Unity) ReloadSerializedSingletons
0x00007ff639ab1f6a (Unity) <lambda_b37b41f03089e3cb3f55061bbc93253d>::operator()
0x00007ff639aebf32 (Unity) asio::detail::completion_handler<core::mutable_function<void __cdecl(void)>,asio::io_context::basic_executor_type<std::allocator<void>,0> >::do_complete
0x00007ff639ad7ede (Unity) asio::detail::win_iocp_io_context::do_one
0x00007ff639ad9b44 (Unity) asio::detail::win_iocp_io_context::run
0x00007ff639aea2dc (Unity) IOService::Run
0x00007ff639abe65f (Unity) AssetImportWorkerClient::Run
0x00007ff639a89227 (Unity) RunAssetImportWorkerClientV2
0x00007ff639a892ab (Unity) RunAssetImporterV2
0x00007ff63928a750 (Unity) Application::InitializeProject
0x00007ff639713635 (Unity) WinMain
0x00007ff63aaf7dbe (Unity) __scrt_common_main_seh
0x00007ff9697a7604 (KERNEL32) BaseThreadInitThunk
0x00007ff96a7a26a1 (ntdll) RtlUserThreadStart

Trying to reload asset but can't find object on disk
0x00007ff63873282d (Unity) StackWalker::GetCurrentCallstack
0x00007ff6387377d9 (Unity) StackWalker::ShowCallstack
0x00007ff639707831 (Unity) GetStacktrace
0x00007ff639dc5d52 (Unity) DebugStringToFile
0x00007ff6386e8651 (Unity) PersistentManager::ReloadFromDisk
0x00007ff639abdc37 (Unity) ReloadSerializedSingletons
0x00007ff639ab1f6a (Unity) <lambda_b37b41f03089e3cb3f55061bbc93253d>::operator()
0x00007ff639aebf32 (Unity) asio::detail::completion_handler<core::mutable_function<void __cdecl(void)>,asio::io_context::basic_executor_type<std::allocator<void>,0> >::do_complete
0x00007ff639ad7ede (Unity) asio::detail::win_iocp_io_context::do_one
0x00007ff639ad9b44 (Unity) asio::detail::win_iocp_io_context::run
0x00007ff639aea2dc (Unity) IOService::Run
0x00007ff639abe65f (Unity) AssetImportWorkerClient::Run
0x00007ff639a89227 (Unity) RunAssetImportWorkerClientV2
0x00007ff639a892ab (Unity) RunAssetImporterV2
0x00007ff63928a750 (Unity) Application::InitializeProject
0x00007ff639713635 (Unity) WinMain
0x00007ff63aaf7dbe (Unity) __scrt_common_main_seh
0x00007ff9697a7604 (KERNEL32) BaseThreadInitThunk
0x00007ff96a7a26a1 (ntdll) RtlUserThreadStart

Trying to reload asset but can't find object on disk
0x00007ff63873282d (Unity) StackWalker::GetCurrentCallstack
0x00007ff6387377d9 (Unity) StackWalker::ShowCallstack
0x00007ff639707831 (Unity) GetStacktrace
0x00007ff639dc5d52 (Unity) DebugStringToFile
0x00007ff6386e8651 (Unity) PersistentManager::ReloadFromDisk
0x00007ff639abdc37 (Unity) ReloadSerializedSingletons
0x00007ff639ab1f6a (Unity) <lambda_b37b41f03089e3cb3f55061bbc93253d>::operator()
0x00007ff639aebf32 (Unity) asio::detail::completion_handler<core::mutable_function<void __cdecl(void)>,asio::io_context::basic_executor_type<std::allocator<void>,0> >::do_complete
0x00007ff639ad7ede (Unity) asio::detail::win_iocp_io_context::do_one
0x00007ff639ad9b44 (Unity) asio::detail::win_iocp_io_context::run
0x00007ff639aea2dc (Unity) IOService::Run
0x00007ff639abe65f (Unity) AssetImportWorkerClient::Run
0x00007ff639a89227 (Unity) RunAssetImportWorkerClientV2
0x00007ff639a892ab (Unity) RunAssetImporterV2
0x00007ff63928a750 (Unity) Application::InitializeProject
0x00007ff639713635 (Unity) WinMain
0x00007ff63aaf7dbe (Unity) __scrt_common_main_seh
0x00007ff9697a7604 (KERNEL32) BaseThreadInitThunk
0x00007ff96a7a26a1 (ntdll) RtlUserThreadStart

Trying to reload asset but can't find object on disk
0x00007ff63873282d (Unity) StackWalker::GetCurrentCallstack
0x00007ff6387377d9 (Unity) StackWalker::ShowCallstack
0x00007ff639707831 (Unity) GetStacktrace
0x00007ff639dc5d52 (Unity) DebugStringToFile
0x00007ff6386e8651 (Unity) PersistentManager::ReloadFromDisk
0x00007ff639abdc37 (Unity) ReloadSerializedSingletons
0x00007ff639ab1f6a (Unity) <lambda_b37b41f03089e3cb3f55061bbc93253d>::operator()
0x00007ff639aebf32 (Unity) asio::detail::completion_handler<core::mutable_function<void __cdecl(void)>,asio::io_context::basic_executor_type<std::allocator<void>,0> >::do_complete
0x00007ff639ad7ede (Unity) asio::detail::win_iocp_io_context::do_one
0x00007ff639ad9b44 (Unity) asio::detail::win_iocp_io_context::run
0x00007ff639aea2dc (Unity) IOService::Run
0x00007ff639abe65f (Unity) AssetImportWorkerClient::Run
0x00007ff639a89227 (Unity) RunAssetImportWorkerClientV2
0x00007ff639a892ab (Unity) RunAssetImporterV2
0x00007ff63928a750 (Unity) Application::InitializeProject
0x00007ff639713635 (Unity) WinMain
0x00007ff63aaf7dbe (Unity) __scrt_common_main_seh
0x00007ff9697a7604 (KERNEL32) BaseThreadInitThunk
0x00007ff96a7a26a1 (ntdll) RtlUserThreadStart

Trying to reload asset but can't find object on disk
0x00007ff63873282d (Unity) StackWalker::GetCurrentCallstack
0x00007ff6387377d9 (Unity) StackWalker::ShowCallstack
0x00007ff639707831 (Unity) GetStacktrace
0x00007ff639dc5d52 (Unity) DebugStringToFile
0x00007ff6386e8651 (Unity) PersistentManager::ReloadFromDisk
0x00007ff639abdc37 (Unity) ReloadSerializedSingletons
0x00007ff639ab1f6a (Unity) <lambda_b37b41f03089e3cb3f55061bbc93253d>::operator()
0x00007ff639aebf32 (Unity) asio::detail::completion_handler<core::mutable_function<void __cdecl(void)>,asio::io_context::basic_executor_type<std::allocator<void>,0> >::do_complete
0x00007ff639ad7ede (Unity) asio::detail::win_iocp_io_context::do_one
0x00007ff639ad9b44 (Unity) asio::detail::win_iocp_io_context::run
0x00007ff639aea2dc (Unity) IOService::Run
0x00007ff639abe65f (Unity) AssetImportWorkerClient::Run
0x00007ff639a89227 (Unity) RunAssetImportWorkerClientV2
0x00007ff639a892ab (Unity) RunAssetImporterV2
0x00007ff63928a750 (Unity) Application::InitializeProject
0x00007ff639713635 (Unity) WinMain
0x00007ff63aaf7dbe (Unity) __scrt_common_main_seh
0x00007ff9697a7604 (KERNEL32) BaseThreadInitThunk
0x00007ff96a7a26a1 (ntdll) RtlUserThreadStart

Trying to reload asset but can't find object on disk
0x00007ff63873282d (Unity) StackWalker::GetCurrentCallstack
0x00007ff6387377d9 (Unity) StackWalker::ShowCallstack
0x00007ff639707831 (Unity) GetStacktrace
0x00007ff639dc5d52 (Unity) DebugStringToFile
0x00007ff6386e8651 (Unity) PersistentManager::ReloadFromDisk
0x00007ff639abdc37 (Unity) ReloadSerializedSingletons
0x00007ff639ab1f6a (Unity) <lambda_b37b41f03089e3cb3f55061bbc93253d>::operator()
0x00007ff639aebf32 (Unity) asio::detail::completion_handler<core::mutable_function<void __cdecl(void)>,asio::io_context::basic_executor_type<std::allocator<void>,0> >::do_complete
0x00007ff639ad7ede (Unity) asio::detail::win_iocp_io_context::do_one
0x00007ff639ad9b44 (Unity) asio::detail::win_iocp_io_context::run
0x00007ff639aea2dc (Unity) IOService::Run
0x00007ff639abe65f (Unity) AssetImportWorkerClient::Run
0x00007ff639a89227 (Unity) RunAssetImportWorkerClientV2
0x00007ff639a892ab (Unity) RunAssetImporterV2
0x00007ff63928a750 (Unity) Application::InitializeProject
0x00007ff639713635 (Unity) WinMain
0x00007ff63aaf7dbe (Unity) __scrt_common_main_seh
0x00007ff9697a7604 (KERNEL32) BaseThreadInitThunk
0x00007ff96a7a26a1 (ntdll) RtlUserThreadStart

Trying to reload asset but can't find object on disk
0x00007ff63873282d (Unity) StackWalker::GetCurrentCallstack
0x00007ff6387377d9 (Unity) StackWalker::ShowCallstack
0x00007ff639707831 (Unity) GetStacktrace
0x00007ff639dc5d52 (Unity) DebugStringToFile
0x00007ff6386e8651 (Unity) PersistentManager::ReloadFromDisk
0x00007ff639abdc37 (Unity) ReloadSerializedSingletons
0x00007ff639ab1f6a (Unity) <lambda_b37b41f03089e3cb3f55061bbc93253d>::operator()
0x00007ff639aebf32 (Unity) asio::detail::completion_handler<core::mutable_function<void __cdecl(void)>,asio::io_context::basic_executor_type<std::allocator<void>,0> >::do_complete
0x00007ff639ad7ede (Unity) asio::detail::win_iocp_io_context::do_one
0x00007ff639ad9b44 (Unity) asio::detail::win_iocp_io_context::run
0x00007ff639aea2dc (Unity) IOService::Run
0x00007ff639abe65f (Unity) AssetImportWorkerClient::Run
0x00007ff639a89227 (Unity) RunAssetImportWorkerClientV2
0x00007ff639a892ab (Unity) RunAssetImporterV2
0x00007ff63928a750 (Unity) Application::InitializeProject
0x00007ff639713635 (Unity) WinMain
0x00007ff63aaf7dbe (Unity) __scrt_common_main_seh
0x00007ff9697a7604 (KERNEL32) BaseThreadInitThunk
0x00007ff96a7a26a1 (ntdll) RtlUserThreadStart

Trying to reload asset but can't find object on disk
0x00007ff63873282d (Unity) StackWalker::GetCurrentCallstack
0x00007ff6387377d9 (Unity) StackWalker::ShowCallstack
0x00007ff639707831 (Unity) GetStacktrace
0x00007ff639dc5d52 (Unity) DebugStringToFile
0x00007ff6386e8651 (Unity) PersistentManager::ReloadFromDisk
0x00007ff639abdc37 (Unity) ReloadSerializedSingletons
0x00007ff639ab1f6a (Unity) <lambda_b37b41f03089e3cb3f55061bbc93253d>::operator()
0x00007ff639aebf32 (Unity) asio::detail::completion_handler<core::mutable_function<void __cdecl(void)>,asio::io_context::basic_executor_type<std::allocator<void>,0> >::do_complete
0x00007ff639ad7ede (Unity) asio::detail::win_iocp_io_context::do_one
0x00007ff639ad9b44 (Unity) asio::detail::win_iocp_io_context::run
0x00007ff639aea2dc (Unity) IOService::Run
0x00007ff639abe65f (Unity) AssetImportWorkerClient::Run
0x00007ff639a89227 (Unity) RunAssetImportWorkerClientV2
0x00007ff639a892ab (Unity) RunAssetImporterV2
0x00007ff63928a750 (Unity) Application::InitializeProject
0x00007ff639713635 (Unity) WinMain
0x00007ff63aaf7dbe (Unity) __scrt_common_main_seh
0x00007ff9697a7604 (KERNEL32) BaseThreadInitThunk
0x00007ff96a7a26a1 (ntdll) RtlUserThreadStart

Trying to reload asset but can't find object on disk
0x00007ff63873282d (Unity) StackWalker::GetCurrentCallstack
0x00007ff6387377d9 (Unity) StackWalker::ShowCallstack
0x00007ff639707831 (Unity) GetStacktrace
0x00007ff639dc5d52 (Unity) DebugStringToFile
0x00007ff6386e8651 (Unity) PersistentManager::ReloadFromDisk
0x00007ff639abdc37 (Unity) ReloadSerializedSingletons
0x00007ff639ab1f6a (Unity) <lambda_b37b41f03089e3cb3f55061bbc93253d>::operator()
0x00007ff639aebf32 (Unity) asio::detail::completion_handler<core::mutable_function<void __cdecl(void)>,asio::io_context::basic_executor_type<std::allocator<void>,0> >::do_complete
0x00007ff639ad7ede (Unity) asio::detail::win_iocp_io_context::do_one
0x00007ff639ad9b44 (Unity) asio::detail::win_iocp_io_context::run
0x00007ff639aea2dc (Unity) IOService::Run
0x00007ff639abe65f (Unity) AssetImportWorkerClient::Run
0x00007ff639a89227 (Unity) RunAssetImportWorkerClientV2
0x00007ff639a892ab (Unity) RunAssetImporterV2
0x00007ff63928a750 (Unity) Application::InitializeProject
0x00007ff639713635 (Unity) WinMain
0x00007ff63aaf7dbe (Unity) __scrt_common_main_seh
0x00007ff9697a7604 (KERNEL32) BaseThreadInitThunk
0x00007ff96a7a26a1 (ntdll) RtlUserThreadStart

Trying to reload asset but can't find object on disk
0x00007ff63873282d (Unity) StackWalker::GetCurrentCallstack
0x00007ff6387377d9 (Unity) StackWalker::ShowCallstack
0x00007ff639707831 (Unity) GetStacktrace
0x00007ff639dc5d52 (Unity) DebugStringToFile
0x00007ff6386e8651 (Unity) PersistentManager::ReloadFromDisk
0x00007ff639abdc37 (Unity) ReloadSerializedSingletons
0x00007ff639ab1f6a (Unity) <lambda_b37b41f03089e3cb3f55061bbc93253d>::operator()
0x00007ff639aebf32 (Unity) asio::detail::completion_handler<core::mutable_function<void __cdecl(void)>,asio::io_context::basic_executor_type<std::allocator<void>,0> >::do_complete
0x00007ff639ad7ede (Unity) asio::detail::win_iocp_io_context::do_one
0x00007ff639ad9b44 (Unity) asio::detail::win_iocp_io_context::run
0x00007ff639aea2dc (Unity) IOService::Run
0x00007ff639abe65f (Unity) AssetImportWorkerClient::Run
0x00007ff639a89227 (Unity) RunAssetImportWorkerClientV2
0x00007ff639a892ab (Unity) RunAssetImporterV2
0x00007ff63928a750 (Unity) Application::InitializeProject
0x00007ff639713635 (Unity) WinMain
0x00007ff63aaf7dbe (Unity) __scrt_common_main_seh
0x00007ff9697a7604 (KERNEL32) BaseThreadInitThunk
0x00007ff96a7a26a1 (ntdll) RtlUserThreadStart

Trying to reload asset but can't find object on disk
0x00007ff63873282d (Unity) StackWalker::GetCurrentCallstack
0x00007ff6387377d9 (Unity) StackWalker::ShowCallstack
0x00007ff639707831 (Unity) GetStacktrace
0x00007ff639dc5d52 (Unity) DebugStringToFile
0x00007ff6386e8651 (Unity) PersistentManager::ReloadFromDisk
0x00007ff639abdc37 (Unity) ReloadSerializedSingletons
0x00007ff639ab1f6a (Unity) <lambda_b37b41f03089e3cb3f55061bbc93253d>::operator()
0x00007ff639aebf32 (Unity) asio::detail::completion_handler<core::mutable_function<void __cdecl(void)>,asio::io_context::basic_executor_type<std::allocator<void>,0> >::do_complete
0x00007ff639ad7ede (Unity) asio::detail::win_iocp_io_context::do_one
0x00007ff639ad9b44 (Unity) asio::detail::win_iocp_io_context::run
0x00007ff639aea2dc (Unity) IOService::Run
0x00007ff639abe65f (Unity) AssetImportWorkerClient::Run
0x00007ff639a89227 (Unity) RunAssetImportWorkerClientV2
0x00007ff639a892ab (Unity) RunAssetImporterV2
0x00007ff63928a750 (Unity) Application::InitializeProject
0x00007ff639713635 (Unity) WinMain
0x00007ff63aaf7dbe (Unity) __scrt_common_main_seh
0x00007ff9697a7604 (KERNEL32) BaseThreadInitThunk
0x00007ff96a7a26a1 (ntdll) RtlUserThreadStart

Trying to reload asset but can't find object on disk
0x00007ff63873282d (Unity) StackWalker::GetCurrentCallstack
0x00007ff6387377d9 (Unity) StackWalker::ShowCallstack
0x00007ff639707831 (Unity) GetStacktrace
0x00007ff639dc5d52 (Unity) DebugStringToFile
0x00007ff6386e8651 (Unity) PersistentManager::ReloadFromDisk
0x00007ff639abdc37 (Unity) ReloadSerializedSingletons
0x00007ff639ab1f6a (Unity) <lambda_b37b41f03089e3cb3f55061bbc93253d>::operator()
0x00007ff639aebf32 (Unity) asio::detail::completion_handler<core::mutable_function<void __cdecl(void)>,asio::io_context::basic_executor_type<std::allocator<void>,0> >::do_complete
0x00007ff639ad7ede (Unity) asio::detail::win_iocp_io_context::do_one
0x00007ff639ad9b44 (Unity) asio::detail::win_iocp_io_context::run
0x00007ff639aea2dc (Unity) IOService::Run
0x00007ff639abe65f (Unity) AssetImportWorkerClient::Run
0x00007ff639a89227 (Unity) RunAssetImportWorkerClientV2
0x00007ff639a892ab (Unity) RunAssetImporterV2
0x00007ff63928a750 (Unity) Application::InitializeProject
0x00007ff639713635 (Unity) WinMain
0x00007ff63aaf7dbe (Unity) __scrt_common_main_seh
0x00007ff9697a7604 (KERNEL32) BaseThreadInitThunk
0x00007ff96a7a26a1 (ntdll) RtlUserThreadStart

Begin MonoManager ReloadAssembly
- Loaded All Assemblies, in  0.577 seconds
Refreshing native plugins compatible for Editor in 16.89 ms, found 0 plugins.
Native extension for WindowsStandalone target not found
Native extension for Android target not found
Mono: successfully reloaded assembly
- Finished resetting the current domain, in  0.867 seconds
Domain Reload Profiling: 1436ms
	BeginReloadAssembly (395ms)
		ExecutionOrderSort (0ms)
		DisableScriptedObjects (23ms)
		BackupInstance (0ms)
		ReleaseScriptingObjects (0ms)
		CreateAndSetChildDomain (72ms)
	RebuildCommonClasses (74ms)
	RebuildNativeTypeToScriptingClass (20ms)
	initialDomainReloadingComplete (39ms)
	LoadAllAssembliesAndSetupDomain (40ms)
		LoadAssemblies (249ms)
		RebuildTransferFunctionScriptingTraits (0ms)
		AnalyzeDomain (23ms)
			TypeCache.Refresh (19ms)
				TypeCache.ScanAssembly (0ms)
			ScanForSourceGeneratedMonoScriptInfo (1ms)
			ResolveRequiredComponents (1ms)
	FinalizeReload (868ms)
		ReleaseScriptCaches (0ms)
		RebuildScriptCaches (0ms)
		SetupLoadedEditorAssemblies (588ms)
			LogAssemblyErrors (0ms)
			InitializePlatformSupportModulesInManaged (41ms)
			SetLoadedEditorAssemblies (11ms)
			RefreshPlugins (0ms)
			BeforeProcessingInitializeOnLoad (223ms)
			ProcessInitializeOnLoadAttributes (272ms)
			ProcessInitializeOnLoadMethodAttributes (31ms)
			AfterProcessingInitializeOnLoad (10ms)
			EditorAssembliesLoaded (0ms)
		ExecutionOrderSort2 (0ms)
		AwakeInstancesAfterBackupRestoration (15ms)
Refreshing native plugins compatible for Editor in 15.21 ms, found 0 plugins.
Preloading 0 native plugins for Editor in 0.00 ms.
Unloading 1 Unused Serialized files (Serialized files now loaded: 0)
Unloading 1853 unused Assets / (1.1 MB). Loaded Objects now: 2853.
Memory consumption went from 68.1 MB to 66.9 MB.
Total: 6.462700 ms (FindLiveObjects: 0.396600 ms CreateObjectMapping: 0.236700 ms MarkObjects: 3.228300 ms  DeleteObjects: 2.600100 ms)

Prepare: number of updated asset objects reloaded= 6
AssetImportParameters requested are different than current active one (requested -> active):
  custom:container-demuxer-ogg: 62fdf1f143b41e24485cea50d1cbac27 -> 
  custom:video-decoder-ogg-theora: a1e56fd34408186e4bbccfd4996cb3dc -> 
  custom:framework-win-MediaFoundation: 216162199b28c13a410421893ffa2e32 -> 
  custom:CustomObjectIndexerAttribute: 756ad292c208cfabdd7b50bc23989ffe -> 
  custom:container-demuxer-webm: 4f35f7cbe854078d1ac9338744f61a02 -> 
  custom:container-muxer-webm: aa71ff27fc2769a1b78a27578f13a17b -> 
  custom:video-decoder-webm-vp8: 9c59270c3fd7afecdb556c50c9e8de78 -> 
  custom:SearchIndexIgnoredProperties: e643bd26f0fe6173181afceb89e7c659 -> 
  custom:AudioImporter_EditorPlatform: d09bf68614088b80899f8185d706f6e7 -> 
  custom:video-encoder-webm-vp8: eb34c28f22e8b96e1ab97ce403110664 -> 
  custom:audio-decoder-ogg-vorbis: bf7c407c2cedff20999df2af8eb42d56 -> 
  custom:audio-encoder-webm-vorbis: bf7c407c2cedff20999df2af8eb42d56 -> 
